#
# There is insufficient memory for the Java Runtime Environment to continue.
# Native memory allocation (malloc) failed to allocate 238688 bytes for Chunk::new
# Possible reasons:
#   The system is out of physical RAM or swap space
#   In 32 bit mode, the process size limit was hit
# Possible solutions:
#   Reduce memory load on the system
#   Increase physical memory or swap space
#   Check if swap backing store is full
#   Use 64 bit Java on a 64 bit OS
#   Decrease Java heap size (-Xmx/-Xms)
#   Decrease number of Java threads
#   Decrease Java thread stack sizes (-Xss)
#   Set larger code cache with -XX:ReservedCodeCacheSize=
# This output file may be truncated or incomplete.
#
#  Out of Memory Error (allocation.cpp:390), pid=9748, tid=0x00000000000049ec
#
# JRE version: OpenJDK Runtime Environment (8.0_152-b02) (build 1.8.0_152-release-1024-b02)
# Java VM: OpenJDK 64-Bit Server VM (25.152-b02 mixed mode windows-amd64 compressed oops)
# Failed to write core dump. Minidumps are not enabled by default on client versions of Windows
#

---------------  T H R E A D  ---------------

Current thread (0x0000000015eed800):  JavaThread "C2 CompilerThread1" daemon [_thread_in_native, id=18924, stack(0x0000000017540000,0x0000000017640000)]

Stack: [0x0000000017540000,0x0000000017640000]
[error occurred during error reporting (printing stack bounds), id 0xc0000005]

Native frames: (J=compiled Java code, j=interpreted, Vv=VM code, C=native code)


Current CompileTask:
C2:   6908 3776   !   4       java.util.jar.Attributes::read (380 bytes)


---------------  P R O C E S S  ---------------

Java Threads: ( => current thread )
  0x000000001c8e9800 JavaThread "Memory manager" [_thread_blocked, id=18872, stack(0x0000000020380000,0x0000000020480000)]
  0x000000001c8ef800 JavaThread "build operations Thread 4" [_thread_blocked, id=7132, stack(0x000000001fc80000,0x000000001fd80000)]
  0x000000001c8ef000 JavaThread "build operations Thread 3" [_thread_blocked, id=11608, stack(0x000000001fb80000,0x000000001fc80000)]
  0x000000001c8ee000 JavaThread "build operations Thread 2" [_thread_blocked, id=12824, stack(0x000000001f980000,0x000000001fa80000)]
  0x000000001c8ed800 JavaThread "build operations" [_thread_blocked, id=12052, stack(0x000000001e410000,0x000000001e510000)]
  0x000000001c8eb000 JavaThread "Cache worker for Artifact transforms cache (C:\Users\morf\.gradle\caches\transforms-1)" [_thread_blocked, id=18724, stack(0x000000001dc00000,0x000000001dd00000)]
  0x000000001a9b9000 JavaThread "Cache worker for file hash cache (C:\FM\Projects\dish-book\.gradle\4.4\fileHashes)" [_thread_blocked, id=9072, stack(0x000000001b960000,0x000000001ba60000)]
  0x0000000018e0b800 JavaThread "File lock request listener" [_thread_in_native, id=4668, stack(0x000000001a890000,0x000000001a990000)]
  0x00000000191a4800 JavaThread "Cache worker for file hash cache (C:\Users\morf\.gradle\caches\4.4\fileHashes)" [_thread_blocked, id=9944, stack(0x000000001a790000,0x000000001a890000)]
  0x0000000018e0a800 JavaThread "Stdin handler" [_thread_blocked, id=6364, stack(0x000000001a490000,0x000000001a590000)]
  0x0000000018e7d000 JavaThread "Asynchronous log dispatcher for DefaultDaemonConnection: socket connection from /127.0.0.1:64060 to /127.0.0.1:64061" [_thread_blocked, id=10340, stack(0x000000001a390000,0x000000001a490000)]
  0x0000000018e09800 JavaThread "Daemon worker" [_thread_in_Java, id=12424, stack(0x000000001a290000,0x000000001a390000)]
  0x0000000018e0f000 JavaThread "Cancel handler" [_thread_blocked, id=19404, stack(0x000000001a190000,0x000000001a290000)]
  0x0000000018de4000 JavaThread "Handler for socket connection from /127.0.0.1:64060 to /127.0.0.1:64061" [_thread_in_native, id=17988, stack(0x0000000019e90000,0x0000000019f90000)]
  0x0000000018de1000 JavaThread "Daemon" [_thread_blocked, id=2816, stack(0x0000000019d90000,0x0000000019e90000)]
  0x0000000018db5800 JavaThread "Daemon periodic checks" [_thread_blocked, id=11664, stack(0x0000000019c90000,0x0000000019d90000)]
  0x0000000018dac800 JavaThread "Incoming local TCP Connector on port 64060" [_thread_in_native, id=18224, stack(0x0000000019a50000,0x0000000019b50000)]
  0x0000000017768800 JavaThread "Service Thread" daemon [_thread_blocked, id=9204, stack(0x0000000017b40000,0x0000000017c40000)]
  0x0000000015ef1000 JavaThread "C1 CompilerThread2" daemon [_thread_blocked, id=19352, stack(0x0000000017640000,0x0000000017740000)]
=>0x0000000015eed800 JavaThread "C2 CompilerThread1" daemon [_thread_in_native, id=18924, stack(0x0000000017540000,0x0000000017640000)]
  0x0000000015ef7800 JavaThread "C2 CompilerThread0" daemon [_thread_in_native, id=10064, stack(0x0000000017440000,0x0000000017540000)]
  0x0000000015ef6800 JavaThread "Attach Listener" daemon [_thread_blocked, id=17300, stack(0x0000000017340000,0x0000000017440000)]
  0x0000000015ef5800 JavaThread "Signal Dispatcher" daemon [_thread_blocked, id=13900, stack(0x0000000017240000,0x0000000017340000)]
  0x0000000015ed8800 JavaThread "Finalizer" daemon [_thread_blocked, id=6476, stack(0x0000000017140000,0x0000000017240000)]
  0x0000000002572800 JavaThread "Reference Handler" daemon [_thread_blocked, id=5644, stack(0x0000000017040000,0x0000000017140000)]
  0x00000000022ae000 JavaThread "main" [_thread_blocked, id=6812, stack(0x0000000002380000,0x0000000002480000)]

Other Threads:
  0x0000000015eb5800 VMThread [stack: 0x0000000016f40000,0x0000000017040000] [id=6856]
  0x0000000015f4c000 WatcherThread [stack: 0x0000000017c40000,0x0000000017d40000] [id=18416]

VM state:not at safepoint (normal execution)

VM Mutex/Monitor currently owned by a thread: None

Heap:
 PSYoungGen      total 144384K, used 67691K [0x00000000e0000000, 0x00000000ee100000, 0x0000000100000000)
  eden space 131072K, 51% used [0x00000000e0000000,0x00000000e421ac70,0x00000000e8000000)
  from space 13312K, 0% used [0x00000000e8d00000,0x00000000e8d00000,0x00000000e9a00000)
  to   space 13312K, 0% used [0x00000000e8000000,0x00000000e8000000,0x00000000e8d00000)
 ParOldGen       total 110080K, used 14890K [0x00000000a0000000, 0x00000000a6b80000, 0x00000000e0000000)
  object space 110080K, 13% used [0x00000000a0000000,0x00000000a0e8aa40,0x00000000a6b80000)
 Metaspace       used 37976K, capacity 38722K, committed 39000K, reserved 1083392K
  class space    used 5184K, capacity 5398K, committed 5504K, reserved 1048576K

Card table byte_map: [0x0000000011940000,0x0000000011c50000] byte_map_base: 0x0000000011440000

Marking Bits: (ParMarkBitMap*) 0x0000000065ff4970
 Begin Bits: [0x0000000012250000, 0x0000000013a50000)
 End Bits:   [0x0000000013a50000, 0x0000000015250000)

Polling page: 0x00000000004f0000

CodeCache: size=245760Kb used=12248Kb max_used=12248Kb free=233511Kb
 bounds [0x0000000002580000, 0x0000000003190000, 0x0000000011580000]
 total_blobs=4149 nmethods=3441 adapters=621
 compilation: enabled

Compilation events (10 events):
Event: 6.884 Thread 0x0000000015ef1000 3798  s    1       java.io.ByteArrayInputStream::available (10 bytes)
Event: 6.884 Thread 0x0000000015ef1000 nmethod 3798 0x0000000002916b10 code [0x0000000002916c60, 0x0000000002916ed0]
Event: 6.885 Thread 0x0000000015ef1000 3799   !   2       sun.security.util.DerInputBuffer::dup (29 bytes)
Event: 6.885 Thread 0x0000000015ef1000 nmethod 3799 0x000000000317f950 code [0x000000000317fae0, 0x000000000317fd68]
Event: 6.885 Thread 0x0000000015ef1000 3800       2       sun.security.util.DerInputBuffer::truncate (29 bytes)
Event: 6.885 Thread 0x0000000015ef1000 nmethod 3800 0x000000000317ff10 code [0x0000000003180080, 0x0000000003180408]
Event: 6.885 Thread 0x0000000015ef1000 3801       2       sun.security.util.DerValue::<init> (16 bytes)
Event: 6.885 Thread 0x0000000015ef1000 nmethod 3801 0x00000000031712d0 code [0x0000000003171440, 0x00000000031715e8]
Event: 6.886 Thread 0x0000000015ef1000 3802       2       java.security.Provider$ServiceKey::equals (55 bytes)
Event: 6.886 Thread 0x0000000015ef1000 nmethod 3802 0x0000000003180510 code [0x0000000003180680, 0x0000000003180918]

GC Heap History (10 events):
Event: 2.531 GC heap before
{Heap before GC invocations=4 (full 1):
 PSYoungGen      total 76288K, used 8825K [0x00000000e0000000, 0x00000000e9500000, 0x0000000100000000)
  eden space 65536K, 0% used [0x00000000e0000000,0x00000000e0000000,0x00000000e4000000)
  from space 10752K, 82% used [0x00000000e4000000,0x00000000e489e580,0x00000000e4a80000)
  to   space 10752K, 0% used [0x00000000e8a80000,0x00000000e8a80000,0x00000000e9500000)
 ParOldGen       total 175104K, used 32K [0x00000000a0000000, 0x00000000aab00000, 0x00000000e0000000)
  object space 175104K, 0% used [0x00000000a0000000,0x00000000a0008000,0x00000000aab00000)
 Metaspace       used 20840K, capacity 21232K, committed 21248K, reserved 1067008K
  class space    used 2911K, capacity 3070K, committed 3072K, reserved 1048576K
Event: 2.568 GC heap after
Heap after GC invocations=4 (full 1):
 PSYoungGen      total 76288K, used 0K [0x00000000e0000000, 0x00000000e9500000, 0x0000000100000000)
  eden space 65536K, 0% used [0x00000000e0000000,0x00000000e0000000,0x00000000e4000000)
  from space 10752K, 0% used [0x00000000e4000000,0x00000000e4000000,0x00000000e4a80000)
  to   space 10752K, 0% used [0x00000000e8a80000,0x00000000e8a80000,0x00000000e9500000)
 ParOldGen       total 110080K, used 8613K [0x00000000a0000000, 0x00000000a6b80000, 0x00000000e0000000)
  object space 110080K, 7% used [0x00000000a0000000,0x00000000a0869630,0x00000000a6b80000)
 Metaspace       used 20840K, capacity 21232K, committed 21248K, reserved 1067008K
  class space    used 2911K, capacity 3070K, committed 3072K, reserved 1048576K
}
Event: 3.243 GC heap before
{Heap before GC invocations=5 (full 1):
 PSYoungGen      total 76288K, used 65536K [0x00000000e0000000, 0x00000000e9500000, 0x0000000100000000)
  eden space 65536K, 100% used [0x00000000e0000000,0x00000000e4000000,0x00000000e4000000)
  from space 10752K, 0% used [0x00000000e4000000,0x00000000e4000000,0x00000000e4a80000)
  to   space 10752K, 0% used [0x00000000e8a80000,0x00000000e8a80000,0x00000000e9500000)
 ParOldGen       total 110080K, used 8613K [0x00000000a0000000, 0x00000000a6b80000, 0x00000000e0000000)
  object space 110080K, 7% used [0x00000000a0000000,0x00000000a0869630,0x00000000a6b80000)
 Metaspace       used 26526K, capacity 27120K, committed 27136K, reserved 1073152K
  class space    used 3666K, capacity 3829K, committed 3840K, reserved 1048576K
Event: 3.249 GC heap after
Heap after GC invocations=5 (full 1):
 PSYoungGen      total 101376K, used 7018K [0x00000000e0000000, 0x00000000e9180000, 0x0000000100000000)
  eden space 94208K, 0% used [0x00000000e0000000,0x00000000e0000000,0x00000000e5c00000)
  from space 7168K, 97% used [0x00000000e8a80000,0x00000000e915aa88,0x00000000e9180000)
  to   space 10752K, 0% used [0x00000000e7c80000,0x00000000e7c80000,0x00000000e8700000)
 ParOldGen       total 110080K, used 8621K [0x00000000a0000000, 0x00000000a6b80000, 0x00000000e0000000)
  object space 110080K, 7% used [0x00000000a0000000,0x00000000a086b630,0x00000000a6b80000)
 Metaspace       used 26526K, capacity 27120K, committed 27136K, reserved 1073152K
  class space    used 3666K, capacity 3829K, committed 3840K, reserved 1048576K
}
Event: 6.210 GC heap before
{Heap before GC invocations=6 (full 1):
 PSYoungGen      total 101376K, used 101226K [0x00000000e0000000, 0x00000000e9180000, 0x0000000100000000)
  eden space 94208K, 100% used [0x00000000e0000000,0x00000000e5c00000,0x00000000e5c00000)
  from space 7168K, 97% used [0x00000000e8a80000,0x00000000e915aa88,0x00000000e9180000)
  to   space 10752K, 0% used [0x00000000e7c80000,0x00000000e7c80000,0x00000000e8700000)
 ParOldGen       total 110080K, used 8621K [0x00000000a0000000, 0x00000000a6b80000, 0x00000000e0000000)
  object space 110080K, 7% used [0x00000000a0000000,0x00000000a086b630,0x00000000a6b80000)
 Metaspace       used 33828K, capacity 34428K, committed 34688K, reserved 1079296K
  class space    used 4709K, capacity 4927K, committed 4992K, reserved 1048576K
Event: 6.219 GC heap after
Heap after GC invocations=6 (full 1):
 PSYoungGen      total 138240K, used 10737K [0x00000000e0000000, 0x00000000e9a00000, 0x0000000100000000)
  eden space 127488K, 0% used [0x00000000e0000000,0x00000000e0000000,0x00000000e7c80000)
  from space 10752K, 99% used [0x00000000e7c80000,0x00000000e86fc618,0x00000000e8700000)
  to   space 13312K, 0% used [0x00000000e8d00000,0x00000000e8d00000,0x00000000e9a00000)
 ParOldGen       total 110080K, used 10623K [0x00000000a0000000, 0x00000000a6b80000, 0x00000000e0000000)
  object space 110080K, 9% used [0x00000000a0000000,0x00000000a0a5fd28,0x00000000a6b80000)
 Metaspace       used 33828K, capacity 34428K, committed 34688K, reserved 1079296K
  class space    used 4709K, capacity 4927K, committed 4992K, reserved 1048576K
}
Event: 6.300 GC heap before
{Heap before GC invocations=7 (full 1):
 PSYoungGen      total 138240K, used 17179K [0x00000000e0000000, 0x00000000e9a00000, 0x0000000100000000)
  eden space 127488K, 5% used [0x00000000e0000000,0x00000000e064a938,0x00000000e7c80000)
  from space 10752K, 99% used [0x00000000e7c80000,0x00000000e86fc618,0x00000000e8700000)
  to   space 13312K, 0% used [0x00000000e8d00000,0x00000000e8d00000,0x00000000e9a00000)
 ParOldGen       total 110080K, used 10623K [0x00000000a0000000, 0x00000000a6b80000, 0x00000000e0000000)
  object space 110080K, 9% used [0x00000000a0000000,0x00000000a0a5fd28,0x00000000a6b80000)
 Metaspace       used 34686K, capacity 35252K, committed 35416K, reserved 1079296K
  class space    used 4785K, capacity 4969K, committed 4992K, reserved 1048576K
Event: 6.305 GC heap after
Heap after GC invocations=7 (full 1):
 PSYoungGen      total 144384K, used 8127K [0x00000000e0000000, 0x00000000ee100000, 0x0000000100000000)
  eden space 131072K, 0% used [0x00000000e0000000,0x00000000e0000000,0x00000000e8000000)
  from space 13312K, 61% used [0x00000000e8d00000,0x00000000e94effa0,0x00000000e9a00000)
  to   space 13312K, 0% used [0x00000000e8000000,0x00000000e8000000,0x00000000e8d00000)
 ParOldGen       total 110080K, used 10623K [0x00000000a0000000, 0x00000000a6b80000, 0x00000000e0000000)
  object space 110080K, 9% used [0x00000000a0000000,0x00000000a0a5fd28,0x00000000a6b80000)
 Metaspace       used 34686K, capacity 35252K, committed 35416K, reserved 1079296K
  class space    used 4785K, capacity 4969K, committed 4992K, reserved 1048576K
}
Event: 6.305 GC heap before
{Heap before GC invocations=8 (full 2):
 PSYoungGen      total 144384K, used 8127K [0x00000000e0000000, 0x00000000ee100000, 0x0000000100000000)
  eden space 131072K, 0% used [0x00000000e0000000,0x00000000e0000000,0x00000000e8000000)
  from space 13312K, 61% used [0x00000000e8d00000,0x00000000e94effa0,0x00000000e9a00000)
  to   space 13312K, 0% used [0x00000000e8000000,0x00000000e8000000,0x00000000e8d00000)
 ParOldGen       total 110080K, used 10623K [0x00000000a0000000, 0x00000000a6b80000, 0x00000000e0000000)
  object space 110080K, 9% used [0x00000000a0000000,0x00000000a0a5fd28,0x00000000a6b80000)
 Metaspace       used 34686K, capacity 35252K, committed 35416K, reserved 1079296K
  class space    used 4785K, capacity 4969K, committed 4992K, reserved 1048576K
Event: 6.340 GC heap after
Heap after GC invocations=8 (full 2):
 PSYoungGen      total 144384K, used 0K [0x00000000e0000000, 0x00000000ee100000, 0x0000000100000000)
  eden space 131072K, 0% used [0x00000000e0000000,0x00000000e0000000,0x00000000e8000000)
  from space 13312K, 0% used [0x00000000e8d00000,0x00000000e8d00000,0x00000000e9a00000)
  to   space 13312K, 0% used [0x00000000e8000000,0x00000000e8000000,0x00000000e8d00000)
 ParOldGen       total 110080K, used 14890K [0x00000000a0000000, 0x00000000a6b80000, 0x00000000e0000000)
  object space 110080K, 13% used [0x00000000a0000000,0x00000000a0e8aa40,0x00000000a6b80000)
 Metaspace       used 34686K, capacity 35252K, committed 35416K, reserved 1079296K
  class space    used 4785K, capacity 4969K, committed 4992K, reserved 1048576K
}

Deoptimization events (10 events):
Event: 6.533 Thread 0x0000000018e09800 Uncommon trap: reason=unstable_if action=reinterpret pc=0x00000000029d95b0 method=java.util.HashMap.resize()[Ljava/util/HashMap$Node; @ 206
Event: 6.580 Thread 0x0000000018e09800 Uncommon trap: reason=unstable_if action=reinterpret pc=0x0000000003063cb4 method=java.lang.reflect.Modifier.toString(I)Ljava/lang/String; @ 123
Event: 6.580 Thread 0x0000000018e09800 Uncommon trap: reason=unstable_if action=reinterpret pc=0x0000000003053604 method=java.lang.reflect.Modifier.toString(I)Ljava/lang/String; @ 123
Event: 6.710 Thread 0x0000000018e09800 Uncommon trap: reason=unstable_if action=reinterpret pc=0x0000000002d926cc method=java.util.jar.Attributes$Name.isDigit(C)Z @ 3
Event: 6.716 Thread 0x0000000018e09800 Uncommon trap: reason=unstable_if action=reinterpret pc=0x0000000002fd4bc0 method=java.lang.ThreadLocal.get()Ljava/lang/Object; @ 11
Event: 6.795 Thread 0x0000000018e09800 Uncommon trap: reason=unstable_if action=reinterpret pc=0x00000000029e2fbc method=java.lang.CharacterDataLatin1.isWhitespace(I)Z @ 14
Event: 6.845 Thread 0x0000000018e09800 Uncommon trap: reason=unstable_if action=reinterpret pc=0x0000000003018de0 method=java.util.jar.JarFile.getInputStream(Ljava/util/zip/ZipEntry;)Ljava/io/InputStream; @ 37
Event: 6.846 Thread 0x0000000018e09800 Uncommon trap: reason=unstable_if action=reinterpret pc=0x0000000002ae286c method=java.security.CodeSource.getCertificates()[Ljava/security/cert/Certificate; @ 22
Event: 6.847 Thread 0x0000000018e09800 Uncommon trap: reason=unstable_if action=reinterpret pc=0x0000000002748b28 method=java.security.CodeSource.matchCerts(Ljava/security/CodeSource;Z)Z @ 11
Event: 6.860 Thread 0x0000000018e09800 Uncommon trap: reason=unstable_if action=reinterpret pc=0x0000000002855078 method=java.util.LinkedHashMap.get(Ljava/lang/Object;)Ljava/lang/Object; @ 20

Classes redefined (0 events):
No events

Internal exceptions (10 events):
Event: 5.678 Thread 0x0000000018e09800 Exception <a 'java/lang/ClassNotFoundException': org/gradle/api/DefaultTaskCustomizer> (0x00000000e464b2c0) thrown at [D:\src\AOSP-openjdk-cygwin\jdk8u\hotspot\src\share\vm\classfile\systemDictionary.cpp, line 210]
Event: 5.679 Thread 0x0000000018e09800 Exception <a 'java/lang/ClassNotFoundException': org/gradle/api/internal/ConventionTaskCustomizer> (0x00000000e46857b0) thrown at [D:\src\AOSP-openjdk-cygwin\jdk8u\hotspot\src\share\vm\classfile\systemDictionary.cpp, line 210]
Event: 5.680 Thread 0x0000000018e09800 Exception <a 'java/lang/ClassNotFoundException': org/gradle/api/tasks/DeleteCustomizer> (0x00000000e46bda08) thrown at [D:\src\AOSP-openjdk-cygwin\jdk8u\hotspot\src\share\vm\classfile\systemDictionary.cpp, line 210]
Event: 5.681 Thread 0x0000000018e09800 Exception <a 'java/lang/ClassNotFoundException': org/gradle/api/tasks/Delete_DecoratedCustomizer> (0x00000000e4703810) thrown at [D:\src\AOSP-openjdk-cygwin\jdk8u\hotspot\src\share\vm\classfile\systemDictionary.cpp, line 210]
Event: 5.765 Thread 0x0000000018e09800 Exception <a 'java/lang/ClassNotFoundException': build_aj0et3jdq82bjijd09erhl2rnBeanInfo> (0x00000000e4812f90) thrown at [D:\src\AOSP-openjdk-cygwin\jdk8u\hotspot\src\share\vm\classfile\systemDictionary.cpp, line 210]
Event: 5.765 Thread 0x0000000018e09800 Exception <a 'java/lang/ClassNotFoundException': build_aj0et3jdq82bjijd09erhl2rnCustomizer> (0x00000000e481d448) thrown at [D:\src\AOSP-openjdk-cygwin\jdk8u\hotspot\src\share\vm\classfile\systemDictionary.cpp, line 210]
Event: 5.770 Thread 0x0000000018e09800 Exception <a 'java/lang/ClassNotFoundException': org/gradle/api/internal/plugins/DefaultObjectConfigurationActionBeanInfo> (0x00000000e4883870) thrown at [D:\src\AOSP-openjdk-cygwin\jdk8u\hotspot\src\share\vm\classfile\systemDictionary.cpp, line 210]
Event: 5.770 Thread 0x0000000018e09800 Exception <a 'java/lang/ClassNotFoundException': org/gradle/api/internal/plugins/DefaultObjectConfigurationActionCustomizer> (0x00000000e48badf0) thrown at [D:\src\AOSP-openjdk-cygwin\jdk8u\hotspot\src\share\vm\classfile\systemDictionary.cpp, line 210]
Event: 6.427 Thread 0x0000000018e09800 Exception <a 'sun/nio/fs/WindowsException'> (0x00000000e055a138) thrown at [D:\src\AOSP-openjdk-cygwin\jdk8u\hotspot\src\share\vm\prims\jni.cpp, line 709]
Event: 6.716 Thread 0x0000000018e09800 Implicit null exception at 0x0000000002fd4668 to 0x0000000002fd4ba9

Events (10 events):
Event: 6.898 Thread 0x0000000018e09800 DEOPT PACKING pc=0x000000000315f3d9 sp=0x000000001a387f70
Event: 6.898 Thread 0x0000000018e09800 DEOPT UNPACKING pc=0x00000000025c75d0 sp=0x000000001a387cb0 mode 0
Event: 6.899 Thread 0x0000000018e09800 DEOPT PACKING pc=0x000000000315f3d9 sp=0x000000001a387f70
Event: 6.899 Thread 0x0000000018e09800 DEOPT UNPACKING pc=0x00000000025c75d0 sp=0x000000001a387cb0 mode 0
Event: 6.899 Thread 0x0000000018e09800 DEOPT PACKING pc=0x000000000315f3d9 sp=0x000000001a387f70
Event: 6.899 Thread 0x0000000018e09800 DEOPT UNPACKING pc=0x00000000025c75d0 sp=0x000000001a387cb0 mode 0
Event: 6.899 Thread 0x0000000018e09800 DEOPT PACKING pc=0x000000000315f3d9 sp=0x000000001a387f70
Event: 6.899 Thread 0x0000000018e09800 DEOPT UNPACKING pc=0x00000000025c75d0 sp=0x000000001a387cb0 mode 0
Event: 6.900 Thread 0x0000000018e09800 DEOPT PACKING pc=0x000000000315f3d9 sp=0x000000001a387f70
Event: 6.900 Thread 0x0000000018e09800 DEOPT UNPACKING pc=0x00000000025c75d0 sp=0x000000001a387cb0 mode 0


Dynamic libraries:
0x00007ff7af8b0000 - 0x00007ff7af8e1000 	C:\Program Files\Android\Android Studio\jre\bin\java.exe
0x00007ff840340000 - 0x00007ff840521000 	C:\Windows\SYSTEM32\ntdll.dll
0x00007ff83f8d0000 - 0x00007ff83f982000 	C:\Windows\System32\KERNEL32.DLL
0x00007ff83c710000 - 0x00007ff83c983000 	C:\Windows\System32\KERNELBASE.dll
0x00007ff83fe10000 - 0x00007ff83feb1000 	C:\Windows\System32\ADVAPI32.dll
0x00007ff83f650000 - 0x00007ff83f6ee000 	C:\Windows\System32\msvcrt.dll
0x00007ff83dc80000 - 0x00007ff83dcdb000 	C:\Windows\System32\sechost.dll
0x00007ff83f7a0000 - 0x00007ff83f8c4000 	C:\Windows\System32\RPCRT4.dll
0x00007ff83dab0000 - 0x00007ff83dc40000 	C:\Windows\System32\USER32.dll
0x00007ff83d420000 - 0x00007ff83d440000 	C:\Windows\System32\win32u.dll
0x00007ff83f770000 - 0x00007ff83f798000 	C:\Windows\System32\GDI32.dll
0x00007ff83d280000 - 0x00007ff83d412000 	C:\Windows\System32\gdi32full.dll
0x00007ff83d440000 - 0x00007ff83d4df000 	C:\Windows\System32\msvcp_win.dll
0x00007ff83d4e0000 - 0x00007ff83d5da000 	C:\Windows\System32\ucrtbase.dll
0x00007ff829780000 - 0x00007ff8299e9000 	C:\Windows\WinSxS\amd64_microsoft.windows.common-controls_6595b64144ccf1df_6.0.17134.228_none_fb4599993062b194\COMCTL32.dll
0x00007ff83f990000 - 0x00007ff83fcb3000 	C:\Windows\System32\combase.dll
0x00007ff83c990000 - 0x00007ff83ca0a000 	C:\Windows\System32\bcryptPrimitives.dll
0x00007ff83fd30000 - 0x00007ff83fd5d000 	C:\Windows\System32\IMM32.DLL
0x0000000064440000 - 0x0000000064512000 	C:\Program Files\Android\Android Studio\jre\jre\bin\msvcr100.dll
0x0000000065830000 - 0x000000006606f000 	C:\Program Files\Android\Android Studio\jre\jre\bin\server\jvm.dll
0x00007ff83dc70000 - 0x00007ff83dc78000 	C:\Windows\System32\PSAPI.DLL
0x00007ff800010000 - 0x00007ff800019000 	C:\Windows\SYSTEM32\WSOCK32.dll
0x00007ff83b250000 - 0x00007ff83b25a000 	C:\Windows\SYSTEM32\VERSION.dll
0x00007ff83a4f0000 - 0x00007ff83a513000 	C:\Windows\SYSTEM32\WINMM.dll
0x00007ff83fcc0000 - 0x00007ff83fd2c000 	C:\Windows\System32\WS2_32.dll
0x00007ff83a4c0000 - 0x00007ff83a4ea000 	C:\Windows\SYSTEM32\winmmbase.dll
0x00007ff83ca70000 - 0x00007ff83cab9000 	C:\Windows\System32\cfgmgr32.dll
0x00007ff83b1b0000 - 0x00007ff83b1bf000 	C:\Program Files\Android\Android Studio\jre\jre\bin\verify.dll
0x00007ff8323a0000 - 0x00007ff8323c9000 	C:\Program Files\Android\Android Studio\jre\jre\bin\java.dll
0x00007ff83ae30000 - 0x00007ff83ae46000 	C:\Program Files\Android\Android Studio\jre\jre\bin\zip.dll
0x00007ff83dde0000 - 0x00007ff83f220000 	C:\Windows\System32\SHELL32.dll
0x00007ff83fd60000 - 0x00007ff83fe09000 	C:\Windows\System32\shcore.dll
0x00007ff83cb70000 - 0x00007ff83d27d000 	C:\Windows\System32\windows.storage.dll
0x00007ff83dd80000 - 0x00007ff83ddd1000 	C:\Windows\System32\shlwapi.dll
0x00007ff83c660000 - 0x00007ff83c671000 	C:\Windows\System32\kernel.appcore.dll
0x00007ff83c6f0000 - 0x00007ff83c70f000 	C:\Windows\System32\profapi.dll
0x00007ff83c6a0000 - 0x00007ff83c6ec000 	C:\Windows\System32\powrprof.dll
0x00007ff83c650000 - 0x00007ff83c65a000 	C:\Windows\System32\FLTLIB.DLL
0x00007ff831f10000 - 0x00007ff831f2a000 	C:\Program Files\Android\Android Studio\jre\jre\bin\net.dll
0x00007ff83be20000 - 0x00007ff83be86000 	C:\Windows\system32\mswsock.dll
0x00007ff82eb60000 - 0x00007ff82eb71000 	C:\Program Files\Android\Android Studio\jre\jre\bin\nio.dll
0x00007ff829a60000 - 0x00007ff829a7e000 	C:\Users\morf\.gradle\native\25\windows-amd64\native-platform.dll
0x00007ff83a2a0000 - 0x00007ff83a2ad000 	C:\Program Files\Android\Android Studio\jre\jre\bin\management.dll
0x00007ff83c3b0000 - 0x00007ff83c3c7000 	C:\Windows\SYSTEM32\CRYPTSP.dll
0x00007ff83ba10000 - 0x00007ff83ba43000 	C:\Windows\system32\rsaenh.dll
0x00007ff83c1e0000 - 0x00007ff83c205000 	C:\Windows\SYSTEM32\bcrypt.dll
0x00007ff83c550000 - 0x00007ff83c578000 	C:\Windows\SYSTEM32\USERENV.dll
0x00007ff83bf80000 - 0x00007ff83bf8b000 	C:\Windows\SYSTEM32\CRYPTBASE.dll
0x00007ff83bbb0000 - 0x00007ff83bbe8000 	C:\Windows\SYSTEM32\IPHLPAPI.DLL
0x00007ff83dc60000 - 0x00007ff83dc68000 	C:\Windows\System32\NSI.dll
0x00007ff8387d0000 - 0x00007ff8387e6000 	C:\Windows\SYSTEM32\dhcpcsvc6.DLL
0x00007ff8386d0000 - 0x00007ff8386ea000 	C:\Windows\SYSTEM32\dhcpcsvc.DLL

VM Arguments:
jvm_args: -Xmx1536m -Dfile.encoding=windows-1252 -Duser.country=US -Duser.language=en -Duser.variant 
java_command: org.gradle.launcher.daemon.bootstrap.GradleDaemon 4.4
java_class_path (initial): C:\Users\morf\.gradle\wrapper\dists\gradle-4.4-all\9br9xq1tocpiv8o6njlyu5op1\gradle-4.4\lib\gradle-launcher-4.4.jar
Launcher Type: SUN_STANDARD

Environment Variables:
JAVA_HOME=C:\Program Files\Java\jre1.8.0_181
PATH=C:\Program Files\Docker\Docker\Resources\bin;C:\Program Files (x86)\Common Files\Oracle\Java\javapath;C:\Windows\system32;C:\Windows;C:\Windows\System32\Wbem;C:\Windows\System32\WindowsPowerShell\v1.0\;C:\Windows\System32\OpenSSH\;C:\Program Files\nodejs\;C:\Program Files (x86)\PuTTY\;C:\Users\morf\AppData\Local\Microsoft\WindowsApps;C:\Users\morf\AppData\Roaming\npm
USERNAME=morf
OS=Windows_NT
PROCESSOR_IDENTIFIER=Intel64 Family 6 Model 158 Stepping 9, GenuineIntel



---------------  S Y S T E M  ---------------

OS: Windows 10.0 , 64 bit Build 17134 (10.0.17134.1)

CPU:total 4 (initial active 4) (4 cores per cpu, 1 threads per core) family 6 model 158 stepping 9, cmov, cx8, fxsr, mmx, sse, sse2, sse3, ssse3, sse4.1, sse4.2, popcnt, avx, avx2, aes, clmul, erms, rtm, 3dnowpref, lzcnt, tsc, tscinvbit, bmi1, bmi2, adx

Memory: 4k page, physical 16662472k(2162932k free), swap 47849284k(4504k free)

vm_info: OpenJDK 64-Bit Server VM (25.152-b02) for windows-amd64 JRE (1.8.0_152-release-1024-b02), built by "builder" with MS VC++ 10.0 (VS2010)

time: Mon Sep 24 11:05:05 2018
elapsed time: 6 seconds (0d 0h 0m 6s)

